ValidationError: The Express 'trust proxy' setting is true, which allows anyone to trivially bypass IP-based rate limiting. See https://express-rate-limit.github.io/ERR_ERL_PERMISSIVE_TRUST_PROXY/ for more information.
    at _Validations.<anonymous> (file:///F:/mo%20app/imeiapp/new-imei12%20-%20Copynew(13new)/paymop-server/node_modules/express-rate-limit/dist/index.mjs:134:15)
    at _Validations.wrap (file:///F:/mo%20app/imeiapp/new-imei12%20-%20Copynew(13new)/paymop-server/node_modules/express-rate-limit/dist/index.mjs:287:18)
    at _Validations.trustProxy (file:///F:/mo%20app/imeiapp/new-imei12%20-%20Copynew(13new)/paymop-server/node_modules/express-rate-limit/dist/index.mjs:132:10)
    at Object.keyGenerator (file:///F:/mo%20app/imeiapp/new-imei12%20-%20Copynew(13new)/paymop-server/node_modules/express-rate-limit/dist/index.mjs:515:19)
    at file:///F:/mo%20app/imeiapp/new-imei12%20-%20Copynew(13new)/paymop-server/node_modules/express-rate-limit/dist/index.mjs:569:32
    at process.processTicksAndRejections (node:internal/process/task_queues:105:5)
    at async file:///F:/mo%20app/imeiapp/new-imei12%20-%20Copynew(13new)/paymop-server/node_modules/express-rate-limit/dist/index.mjs:550:5 {
  code: 'ERR_ERL_PERMISSIVE_TRUST_PROXY',
  help: 'https://express-rate-limit.github.io/ERR_ERL_PERMISSIVE_TRUST_PROXY/'
}
ValidationError: The Express 'trust proxy' setting is true, which allows anyone to trivially bypass IP-based rate limiting. See https://express-rate-limit.github.io/ERR_ERL_PERMISSIVE_TRUST_PROXY/ for more information.
    at _Validations.<anonymous> (file:///F:/mo%20app/imeiapp/new-imei12%20-%20Copynew(13new)/paymop-server/node_modules/express-rate-limit/dist/index.mjs:134:15)
    at _Validations.wrap (file:///F:/mo%20app/imeiapp/new-imei12%20-%20Copynew(13new)/paymop-server/node_modules/express-rate-limit/dist/index.mjs:287:18)
    at _Validations.trustProxy (file:///F:/mo%20app/imeiapp/new-imei12%20-%20Copynew(13new)/paymop-server/node_modules/express-rate-limit/dist/index.mjs:132:10)
    at Object.keyGenerator (file:///F:/mo%20app/imeiapp/new-imei12%20-%20Copynew(13new)/paymop-server/node_modules/express-rate-limit/dist/index.mjs:515:19)
    at file:///F:/mo%20app/imeiapp/new-imei12%20-%20Copynew(13new)/paymop-server/node_modules/express-rate-limit/dist/index.mjs:569:32
    at process.processTicksAndRejections (node:internal/process/task_queues:105:5)
    at async file:///F:/mo%20app/imeiapp/new-imei12%20-%20Copynew(13new)/paymop-server/node_modules/express-rate-limit/dist/index.mjs:550:5 {
  code: 'ERR_ERL_PERMISSIVE_TRUST_PROXY',
  help: 'https://express-rate-limit.github.io/ERR_ERL_PERMISSIVE_TRUST_PROXY/'
}
[decryptField] decryptAES failed: Error: Unsupported state or unable to authenticate data
    at Decipheriv.final (node:internal/crypto/cipher:184:29)
    at decryptAES (file:///F:/mo%20app/imeiapp/new-imei12%20-%20Copynew(13new)/paymop-server/server.js:84:97)
    at decryptField (file:///F:/mo%20app/imeiapp/new-imei12%20-%20Copynew(13new)/paymop-server/server.js:167:22)
    at file:///F:/mo%20app/imeiapp/new-imei12%20-%20Copynew(13new)/paymop-server/server.js:1087:18
    at Array.map (<anonymous>)
    at file:///F:/mo%20app/imeiapp/new-imei12%20-%20Copynew(13new)/paymop-server/server.js:1085:33
    at process.processTicksAndRejections (node:internal/process/task_queues:105:5)
[decryptField] decryptAES failed: Error: Unsupported state or unable to authenticate data
    at Decipheriv.final (node:internal/crypto/cipher:184:29)
    at decryptAES (file:///F:/mo%20app/imeiapp/new-imei12%20-%20Copynew(13new)/paymop-server/server.js:84:97)
    at decryptField (file:///F:/mo%20app/imeiapp/new-imei12%20-%20Copynew(13new)/paymop-server/server.js:167:22)
    at file:///F:/mo%20app/imeiapp/new-imei12%20-%20Copynew(13new)/paymop-server/server.js:1087:18
    at Array.map (<anonymous>)
    at file:///F:/mo%20app/imeiapp/new-imei12%20-%20Copynew(13new)/paymop-server/server.js:1085:33
    at process.processTicksAndRejections (node:internal/process/task_queues:105:5)
[decryptField] decryptAES failed: Error: Unsupported state or unable to authenticate data
    at Decipheriv.final (node:internal/crypto/cipher:184:29)
    at decryptAES (file:///F:/mo%20app/imeiapp/new-imei12%20-%20Copynew(13new)/paymop-server/server.js:84:97)
    at decryptField (file:///F:/mo%20app/imeiapp/new-imei12%20-%20Copynew(13new)/paymop-server/server.js:167:22)
    at file:///F:/mo%20app/imeiapp/new-imei12%20-%20Copynew(13new)/paymop-server/server.js:1087:18
    at Array.map (<anonymous>)
    at file:///F:/mo%20app/imeiapp/new-imei12%20-%20Copynew(13new)/paymop-server/server.js:1085:33
    at process.processTicksAndRejections (node:internal/process/task_queues:105:5)
[decryptField] decryptAES failed: Error: Unsupported state or unable to authenticate data
    at Decipheriv.final (node:internal/crypto/cipher:184:29)
    at decryptAES (file:///F:/mo%20app/imeiapp/new-imei12%20-%20Copynew(13new)/paymop-server/server.js:84:97)
    at decryptField (file:///F:/mo%20app/imeiapp/new-imei12%20-%20Copynew(13new)/paymop-server/server.js:167:22)
    at file:///F:/mo%20app/imeiapp/new-imei12%20-%20Copynew(13new)/paymop-server/server.js:1087:18
    at Array.map (<anonymous>)
    at file:///F:/mo%20app/imeiapp/new-imei12%20-%20Copynew(13new)/paymop-server/server.js:1085:33
    at process.processTicksAndRejections (node:internal/process/task_queues:105:5)
[decryptField] decryptAES failed: Error: Unsupported state or unable to authenticate data
    at Decipheriv.final (node:internal/crypto/cipher:184:29)
    at decryptAES (file:///F:/mo%20app/imeiapp/new-imei12%20-%20Copynew(13new)/paymop-server/server.js:84:97)
    at decryptField (file:///F:/mo%20app/imeiapp/new-imei12%20-%20Copynew(13new)/paymop-server/server.js:167:22)
    at file:///F:/mo%20app/imeiapp/new-imei12%20-%20Copynew(13new)/paymop-server/server.js:1087:18
    at Array.map (<anonymous>)
    at file:///F:/mo%20app/imeiapp/new-imei12%20-%20Copynew(13new)/paymop-server/server.js:1085:33
    at process.processTicksAndRejections (node:internal/process/task_queues:105:5)
[decryptField] decryptAES failed: Error: Unsupported state or unable to authenticate data
    at Decipheriv.final (node:internal/crypto/cipher:184:29)
    at decryptAES (file:///F:/mo%20app/imeiapp/new-imei12%20-%20Copynew(13new)/paymop-server/server.js:84:97)
    at decryptField (file:///F:/mo%20app/imeiapp/new-imei12%20-%20Copynew(13new)/paymop-server/server.js:167:22)
    at file:///F:/mo%20app/imeiapp/new-imei12%20-%20Copynew(13new)/paymop-server/server.js:1087:18
    at Array.map (<anonymous>)
    at file:///F:/mo%20app/imeiapp/new-imei12%20-%20Copynew(13new)/paymop-server/server.js:1085:33
    at process.processTicksAndRejections (node:internal/process/task_queues:105:5)
[decryptField] decryptAES failed: Error: Unsupported state or unable to authenticate data
    at Decipheriv.final (node:internal/crypto/cipher:184:29)
    at decryptAES (file:///F:/mo%20app/imeiapp/new-imei12%20-%20Copynew(13new)/paymop-server/server.js:84:97)
    at decryptField (file:///F:/mo%20app/imeiapp/new-imei12%20-%20Copynew(13new)/paymop-server/server.js:167:22)
    at file:///F:/mo%20app/imeiapp/new-imei12%20-%20Copynew(13new)/paymop-server/server.js:1087:18
    at Array.map (<anonymous>)
    at file:///F:/mo%20app/imeiapp/new-imei12%20-%20Copynew(13new)/paymop-server/server.js:1085:33
    at process.processTicksAndRejections (node:internal/process/task_queues:105:5)
[decryptField] decryptAES failed: Error: Unsupported state or unable to authenticate data
    at Decipheriv.final (node:internal/crypto/cipher:184:29)
    at decryptAES (file:///F:/mo%20app/imeiapp/new-imei12%20-%20Copynew(13new)/paymop-server/server.js:84:97)
    at decryptField (file:///F:/mo%20app/imeiapp/new-imei12%20-%20Copynew(13new)/paymop-server/server.js:167:22)
    at file:///F:/mo%20app/imeiapp/new-imei12%20-%20Copynew(13new)/paymop-server/server.js:1087:18
    at Array.map (<anonymous>)
    at file:///F:/mo%20app/imeiapp/new-imei12%20-%20Copynew(13new)/paymop-server/server.js:1085:33
    at process.processTicksAndRejections (node:internal/process/task_queues:105:5)
